<?xml version="1.0" encoding="UTF-8"?>
<testsuite xmlns:xsi="http://www.w3.org/2001/XMLSchema-instance" xsi:noNamespaceSchemaLocation="https://maven.apache.org/surefire/maven-surefire-plugin/xsd/surefire-test-report.xsd" name="Automate boat website" time="75.755" tests="2" errors="1" skipped="0" failures="0">
  <properties>
[...]
</properties>
  <testcase name="filter true wireless earbuds #1" classname="Automate boat website" time="25.981"/>
  <testcase name="filter true wireless earbuds #2" classname="Automate boat website" time="49.769">
    <error message="Expected condition failed: waiting for element to be clickable: By.xpath: //form[@id=&apos;facet-filters-form&apos;]/div/div[3]/button (tried for 20 second(s) with 500 milliseconds interval)&#10;Build info: version: &apos;4.20.0&apos;, revision: &apos;866c76ca80&apos;&#10;System info: os.name: &apos;Windows 11&apos;, os.arch: &apos;amd64&apos;, os.version: &apos;10.0&apos;, java.version: &apos;17.0.10&apos;&#10;Driver info: org.openqa.selenium.firefox.FirefoxDriver&#10;Capabilities {acceptInsecureCerts: true, browserName: firefox, browserVersion: 127.0.2, moz:accessibilityChecks: false, moz:buildID: 20240624183754, moz:debuggerAddress: 127.0.0.1:34457, moz:geckodriverVersion: 0.34.0, moz:headless: false, moz:platformVersion: 10.0, moz:processID: 22032, moz:profile: C:\Users\Asus\AppData\Local..., moz:shutdownTimeout: 60000, moz:webdriverClick: true, moz:windowless: false, pageLoadStrategy: normal, platformName: windows, proxy: Proxy(), se:cdp: ws://127.0.0.1:34457/devtoo..., se:cdpVersion: 85.0, setWindowRect: true, strictFileInteractability: false, timeouts: {implicit: 0, pageLoad: 300000, script: 30000}, unhandledPromptBehavior: dismiss and notify, userAgent: Mozilla/5.0 (Windows NT 10....}&#10;Session ID: ad582c58-3e72-4a9c-b0d6-27ade77f8a7b" type="org.openqa.selenium.TimeoutException">org.openqa.selenium.TimeoutException: 
Expected condition failed: waiting for element to be clickable: By.xpath: //form[@id='facet-filters-form']/div/div[3]/button (tried for 20 second(s) with 500 milliseconds interval)
Build info: version: '4.20.0', revision: '866c76ca80'
System info: os.name: 'Windows 11', os.arch: 'amd64', os.version: '10.0', java.version: '17.0.10'
Driver info: org.openqa.selenium.firefox.FirefoxDriver
Capabilities {acceptInsecureCerts: true, browserName: firefox, browserVersion: 127.0.2, moz:accessibilityChecks: false, moz:buildID: 20240624183754, moz:debuggerAddress: 127.0.0.1:34457, moz:geckodriverVersion: 0.34.0, moz:headless: false, moz:platformVersion: 10.0, moz:processID: 22032, moz:profile: C:\Users\Asus\AppData\Local..., moz:shutdownTimeout: 60000, moz:webdriverClick: true, moz:windowless: false, pageLoadStrategy: normal, platformName: windows, proxy: Proxy(), se:cdp: ws://127.0.0.1:34457/devtoo..., se:cdpVersion: 85.0, setWindowRect: true, strictFileInteractability: false, timeouts: {implicit: 0, pageLoad: 300000, script: 30000}, unhandledPromptBehavior: dismiss and notify, userAgent: Mozilla/5.0 (Windows NT 10....}
Session ID: ad582c58-3e72-4a9c-b0d6-27ade77f8a7b
</error>
    <system-out><![CDATA[
@tag @tag1
Scenario Outline: filter true wireless earbuds                          &amp#27;[90m# src/test/resources/boat/boatTest.feature:19&amp#27;[0m
  &amp#27;[32mGiven &amp#27;[0m&amp#27;[32muser open browser and open boat website &amp#27;[0m&amp#27;[32m&amp#27;[1mfirefox&amp#27;[0m                 &amp#27;[90m# steps.stepdefination.user_open_browser_and_open_boat_website(java.lang.String)&amp#27;[0m
  &amp#27;[32mWhen &amp#27;[0m&amp#27;[32mselect True Wireless Earbuds from catagory&amp#27;[0m                       &amp#27;[90m# steps.stepdefination.select_true_wireless_earbuds_from_catagory()&amp#27;[0m
  &amp#27;[31mAnd &amp#27;[0m&amp#27;[31mclick on filter, click on price, select minimun and maximum price&amp#27;[0m &amp#27;[90m# steps.stepdefination.click_on_filter_click_on_price_select_minimun_and_maximum_price()&amp#27;[0m
      &amp#27;[31morg.openqa.selenium.TimeoutException: Expected condition failed: waiting for element to be clickable: By.xpath: //form[@id='facet-filters-form']/div/div[3]/button (tried for 20 second(s) with 500 milliseconds interval)
Build info: version: '4.20.0', revision: '866c76ca80'
System info: os.name: 'Windows 11', os.arch: 'amd64', os.version: '10.0', java.version: '17.0.10'
Driver info: org.openqa.selenium.firefox.FirefoxDriver
Capabilities {acceptInsecureCerts: true, browserName: firefox, browserVersion: 127.0.2, moz:accessibilityChecks: false, moz:buildID: 20240624183754, moz:debuggerAddress: 127.0.0.1:34457, moz:geckodriverVersion: 0.34.0, moz:headless: false, moz:platformVersion: 10.0, moz:processID: 22032, moz:profile: C:\Users\Asus\AppData\Local..., moz:shutdownTimeout: 60000, moz:webdriverClick: true, moz:windowless: false, pageLoadStrategy: normal, platformName: windows, proxy: Proxy(), se:cdp: ws://127.0.0.1:34457/devtoo..., se:cdpVersion: 85.0, setWindowRect: true, strictFileInteractability: false, timeouts: {implicit: 0, pageLoad: 300000, script: 30000}, unhandledPromptBehavior: dismiss and notify, userAgent: Mozilla/5.0 (Windows NT 10....}
Session ID: ad582c58-3e72-4a9c-b0d6-27ade77f8a7b
	at org.openqa.selenium.support.ui.WebDriverWait.timeoutException(WebDriverWait.java:84)
	at org.openqa.selenium.support.ui.FluentWait.until(FluentWait.java:228)
	at steps.stepdefination.click_on_filter_click_on_price_select_minimun_and_maximum_price(stepdefination.java:86)
	at âœ½.click on filter, click on price, select minimun and maximum price(file:///C:/Users/Asus/Documents/workspace-spring-tool-suite-4-4.22.0.RELEASE/boatTesting/src/test/resources/boat/boatTest.feature:12)
&amp#27;[0m
  &amp#27;[36mAnd &amp#27;[0m&amp#27;[36mclick on playback, select &amp#27;[0m&amp#27;[36m&amp#27;[1m50&amp#27;[0m&amp#27;[36m-&amp#27;[0m&amp#27;[36m&amp#27;[1m75&amp#27;[0m&amp#27;[36m hrs&amp#27;[0m                               &amp#27;[90m# steps.stepdefination.click_on_playback_select_hrs(java.lang.Integer,java.lang.Integer)&amp#27;[0m
  &amp#27;[36mThen &amp#27;[0m&amp#27;[36mclick on Apply filter, filter should apply&amp#27;[0m                       &amp#27;[90m# steps.stepdefination.click_on_apply_filter_filter_should_apply()&amp#27;[0m
]]></system-out>
  </testcase>
</testsuite>